## 2.3.1 Index Range Scan

- B*Tree 인덱스의 가장 일반적이고 정상적인 형태의 액세스 방식이다.
- 인덱스 루트에서 리프 블록까지 수직적으로 탐색한 후, 필요한 범위만 스캔한다.
- 실행 계획은 다음과 같다.
    
    ```sql
    set autotrace traceonly exp
    select * from emp **where deptno = 20;**
    
    Execution Plan
    ---------------------------
    SELECT STATEMENT Optimizer=ALL_ROWS
    TABLE ACCESS (BY INDEX ROWID) OF 'EMP' (TABLE)
    INDEX (RANGE SCAN) OF **'EMP_DEPTNO_IDX' (INDEX)**
    ```
    
    - [set autotrace traceonly exp](https://jack-of-all-trades.tistory.com/336)
- 인덱스를 Range Scan 하려면 **선두 컬럼을 가공하지 않은 상태로 조건절에 사용해야 한다.**
    - 반대로, 선두 컬럼을 가공하지 않은 상태로 조건절에 사용하면 Index Range Scan은 무조건 가능하다

## 2.3.2 Index Full Scan

![image](https://github.com/yu-heejin/kind-SQL-tuning/assets/96467030/390fc20a-8b18-4fab-be92-360bbe530fb5)


> index full scan은 table full scan과 다르다.
> 
- 수직적 탐색 없이 인덱스 리프 블록을 처음부터 끝까지 수평적으로 탐색하는 방식
- 실행 계획은 아래와 같다.
    
    ```sql
    create index emp_ename_sal_idx on emp (ename, sal);
    set autotrace traceonly exp
    
    select * from emp
    **where sal > 2000**
    order by ename;
    
    Execution Plan
    ---------------------------
    SELECT STATEMENT Optimizer=ALL_ROWS
    TABLE ACCESS (BY INDEX ROWID) OF 'EMP' (TABLE)
    INDEX (FULL SCAN) OF **'EMP_ENAME_SAL_IDX' (INDEX)**
    ```
    
- Index Full Scan은 대개 데이터 검색을 위한 최적의 인덱스가 없을 때 차선으로 선택된다.
- 위 SQL은 **인덱스 선두 컬럼인 ENAME이 조건절에 없으므로 Index Range Scan은 불가능하다.**
    - 뒤쪽이긴 하지만 `sal` 컬럼이 인덱스에 있기 때문에 Index Full Scan을 통해 SAL이 2000보다 큰 레코드를 찾을 수 있다.

### Index Full Scan의 효용성

- 위 SQL처럼 인덱스 선두 컬럼(ename)이 조건절에 없으면 옵티마이저는 먼저 Table Full Scan을 고려한다.
    - 하지만 대용량 테이블이여서 Table Full Scan에 따른 부담이 크다면, 옵티마이저는 인덱스 활용을 다시 고려하지 않을 수 없다.
- 인덱스를 Range Scan할 수 없을 때, **테이블 전체를 스캔하기보다 인덱스 전체를 스캔하면 어떨까?**
    - 만약 인덱스 스캔 단계에서 대부분 레코드를 필터링하고 아주 일부만 테이블을 액세스하는 상황이라면, 면적이 큰 테이블보다 인덱스를 스캔하는 쪽이 유리하다.
    - 이 때 옵티마이저는 Index Full Scan 방식을 선택한다.

```sql
SQL> set autotrace traceonly exp;
SQL> select *
  2  from emp
  3  where sal > 1000
  4  order by ename;

Execution Plan
----------------------------------------------------------
Plan hash value: 3797164079

--------------------------------------------------------------------------------
-----------------

| Id  | Operation                   | Name              | Rows  | Bytes | Cost (
%CPU)| Time     |

--------------------------------------------------------------------------------
-----------------

|   0 | SELECT STATEMENT            |                   |    12 |  1044 |     2
  (0)| 00:00:01 |

|   1 |  TABLE ACCESS BY INDEX ROWID| EMP               |    12 |  1044 |     2
  (0)| 00:00:01 |

|*  2 |   **INDEX FULL SCAN**           | EMP_ENAME_SAL_IDX |     1 |       |     1
  (0)| 00:00:01 |

--------------------------------------------------------------------------------
-----------------

Predicate Information (identified by operation id):
---------------------------------------------------

   2 - access("SAL">1000)
       filter("SAL">1000)

Note
-----
   - dynamic sampling used for this statement (level=2)
```

![image](https://github.com/yu-heejin/kind-SQL-tuning/assets/96467030/768434fc-5c84-42b4-b867-3b2a117289c9)


- `sal > 9000`인 사원이 위 그림처럼 극히 일부라면 Table Full Scan보다는 Index Full Scan을 통한 필터링이 효과적이다.
- 그러나 이 방식은 적절한 인덱스가 없어 Index Range Scan의 차선책으로 선택한 것이다.
    - 수행빈도가 낮은 SQL이면 상관 없지만, 그렇지 않다면 SAL 컬럼이 선두인 인덱스를 생성해주는 것이 좋다.
- [추가 설명] 인덱스를 생성하면 인덱스 테이블에 인덱스가 저장되는데, 만약 sal이 들어있는 인덱스가 여러개인 경우 위 그림처럼 여러 개의 인덱스에서 탐색을 시도하기 때문에 테이블 접근이 많아진다.

### 인덱스를 이용한 소트 연산 생략

- 인덱스를 Full Scan하면 Range Scan과 마찬가지로 **결과집합이 인덱스 컬럼 순으로 정렬된다.**
    - 따라서 Sort Order By 연산을 생략할 목적으로 사용할 수도 있다.
    - 이때는 차선책이 아니라 **옵티마이저가 전략적으로 선택한 경우에 해당한다.**

```sql
SQL> select /*+ first_rows */ *
  2  from emp
  3  where sal > 1000
  4  order by ename;

Execution Plan
----------------------------------------------------------
Plan hash value: 3797164079

--------------------------------------------------------------------------------
-----------------

| Id  | Operation                   | Name              | Rows  | Bytes | Cost (
%CPU)| Time     |

--------------------------------------------------------------------------------
-----------------

|   0 | SELECT STATEMENT            |                   |    12 |  1044 |     2
  (0)| 00:00:01 |

|   1 |  TABLE ACCESS BY INDEX ROWID| EMP               |    12 |  1044 |     2
  (0)| 00:00:01 |

|*  2 |   **INDEX FULL SCAN**           | EMP_ENAME_SAL_IDX |     1 |       |     1
  (0)| 00:00:01 |

--------------------------------------------------------------------------------
-----------------

Predicate Information (identified by operation id):
---------------------------------------------------

   2 - access("SAL">1000)
       filter("SAL">1000)

Note
-----
   - dynamic sampling used for this statement (level=2)
```

![Uploading image.png…]()


- 대부분의 사원이 `SAL > 1000` 조건을 만족하는 상황에서 Index Full Scan을 선택하면, **위 그림처럼 거의 모든 레코드에 대해 테이블 엑세스가 발생하므로 Table Full Scan보다 오히려 더 불리하다.**
    - 만약 sal이 인덱스 선두 컬럼이어서 Index Range Scan하더라도 마찬가지이다.
    - 그럼에도 옵티마이저가 인덱스를 선택한 이유는, 사용자가 `first_rows` 힌트로 옵티마이저 모드를 바꿨기 때문이다.
    - 소트 연산을 생략함으로써 전체 집합 중 처음 일부를 빠르게 출력할 목적으로 옵티마이저가 Index Full Scan 방식을 선택한 것이다.
- 주의할 점은, **사용자가 처음 의도와 달리 fetch를 멈추지 않고 데이터를 끝까지 읽는다면 Table Full Scan 보다 훨씬 더 많은 I/O를 일으키고 결과적으로 수행 속도도 훨씬 더 느려진다는 사실이다.**
    - 이는 옵티마이저의 잘못이 아니라 first_rows 힌트를 사용한 사용자에게 책임이 있다.
